生成启动时间为 2015/7/12 9:25:27。
     1>项目“E:\vs2010project\deleteNode_O(1)\deleteNode_O(1)\deleteNode_O(1).vcxproj”在节点 2 上(build 个目标)。
     1>InitializeBuildStatus:
         正在创建“Debug\deleteNode_O(1).unsuccessfulbuild”，因为已指定“AlwaysCreate”。
       ClCompile:
         所有输出均为最新。
         e:\vs2010\VC\bin\CL.exe /c /ZI /nologo /W3 /WX- /Od /Oy- /D WIN32 /D _DEBUG /D _CONSOLE /D _UNICODE /D UNICODE /Gm /EHsc /RTC1 /MDd /GS /fp:precise /Zc:wchar_t /Zc:forScope /Fo"Debug\\" /Fd"Debug\vc100.pdb" /Gd /TP /analyze- /errorReport:prompt FindKthToTail.cpp
         FindKthToTail.cpp
       ManifestResourceCompile:
         所有输出均为最新。
       Link:
         e:\vs2010\VC\bin\link.exe /ERRORREPORT:PROMPT /OUT:"E:\vs2010project\deleteNode_O(1)\Debug\deleteNode_O(1).exe" /INCREMENTAL /NOLOGO kernel32.lib user32.lib gdi32.lib winspool.lib comdlg32.lib advapi32.lib shell32.lib ole32.lib oleaut32.lib uuid.lib odbc32.lib odbccp32.lib /MANIFEST /ManifestFile:"Debug\deleteNode_O(1).exe.intermediate.manifest" /MANIFESTUAC:"level='asInvoker' uiAccess='false'" /DEBUG /PDB:"E:\vs2010project\deleteNode_O(1)\Debug\deleteNode_O(1).pdb" /SUBSYSTEM:CONSOLE /TLBID:1 /DYNAMICBASE /NXCOMPAT /IMPLIB:"E:\vs2010project\deleteNode_O(1)\Debug\deleteNode_O(1).lib" /MACHINE:X86 "Debug\deleteNode_O(1).exe.embed.manifest.res"
         Debug\binaryTreeMirrorRecursively.obj
         Debug\createBinaryTree.obj
         "Debug\deleteNode_O(1).obj"
         Debug\FindKthToTail.obj
         "Debug\findPath-25.obj"
         Debug\MergeList.obj
         Debug\printBinaryTreeUpToDown.obj
         Debug\printMexInorder.obj
         Debug\ReorderOddEven.obj
         Debug\reverseLink.obj
         "Debug\stackPushAndPoP-22.obj"
         Debug\stackWithMin.obj
         Debug\stdafx.obj
         Debug\TreesubStructure.obj
         Debug\verifySquenceOfBST.obj
       Manifest:
         C:\Program Files (x86)\Microsoft SDKs\Windows\v7.0A\bin\mt.exe /nologo /verbose /out:"Debug\deleteNode_O(1).exe.embed.manifest" /manifest "Debug\deleteNode_O(1).exe.intermediate.manifest"
         所有输出均为最新。
       LinkEmbedManifest:
         所有输出均为最新。
         deleteNode_O(1).vcxproj -> E:\vs2010project\deleteNode_O(1)\Debug\deleteNode_O(1).exe
       FinalizeBuildStatus:
         正在删除文件“Debug\deleteNode_O(1).unsuccessfulbuild”。
         正在对“Debug\deleteNode_O(1).lastbuildstate”执行 Touch 任务。
     1>已完成生成项目“E:\vs2010project\deleteNode_O(1)\deleteNode_O(1)\deleteNode_O(1).vcxproj”(build 个目标)的操作。

生成成功。

已用时间 00:00:00.56
